<?xml version="1.0" encoding="UTF-8"?>
<!-- Generated by org.testng.reporters.JUnitReportReporter -->
<testsuite hostname="NODE186" name="com.selenium.project.test.IRCTCLoginTest" tests="1" failures="0" timestamp="20 Oct 2016 06:07:24 GMT" time="38.881" errors="0">
  <testcase name="testIRCTC" time="38.881" classname="com.selenium.project.test.IRCTCLoginTest"/>
</testsuite> <!-- com.selenium.project.test.IRCTCLoginTest -->
